<?xml version="1.0" encoding="UTF-8"?>
<testsuite name="de.tomgrill.gdxtesting.GameEntityTest" tests="5" skipped="0" failures="0" errors="0" timestamp="2021-01-30T16:43:17" hostname="LAPTOP-2C2PBR86" time="0.229">
  <properties/>
  <testcase name="getCenter" classname="de.tomgrill.gdxtesting.GameEntityTest" time="0.064"/>
  <testcase name="entityOnScreen" classname="de.tomgrill.gdxtesting.GameEntityTest" time="0.034"/>
  <testcase name="getNearbyObjects" classname="de.tomgrill.gdxtesting.GameEntityTest" time="0.0"/>
  <testcase name="getCenterX" classname="de.tomgrill.gdxtesting.GameEntityTest" time="0.034"/>
  <testcase name="getCenterY" classname="de.tomgrill.gdxtesting.GameEntityTest" time="0.033"/>
  <system-out><![CDATA[]]></system-out>
  <system-err><![CDATA[]]></system-err>
</testsuite>
