<?xml version="1.0" encoding="UTF-8"?>
<testsuite name="de.tomgrill.gdxtesting.examples.UnitTestExample" tests="1" skipped="0" failures="0" errors="0" timestamp="2021-01-30T17:23:04" hostname="LAPTOP-2C2PBR86" time="0.0">
  <properties/>
  <testcase name="oneEqualsOne" classname="de.tomgrill.gdxtesting.examples.UnitTestExample" time="0.0"/>
  <system-out><![CDATA[]]></system-out>
  <system-err><![CDATA[]]></system-err>
</testsuite>
