<?xml version="1.0" encoding="UTF-8"?>
<testsuite name="com.threecubed.auber.entities.GameEntityTest" tests="5" skipped="0" failures="0" errors="0" timestamp="2021-01-30T17:23:04" hostname="LAPTOP-2C2PBR86" time="0.228">
  <properties/>
  <testcase name="getCenter" classname="com.threecubed.auber.entities.GameEntityTest" time="0.063"/>
  <testcase name="entityOnScreen" classname="com.threecubed.auber.entities.GameEntityTest" time="0.037"/>
  <testcase name="getNearbyObjects" classname="com.threecubed.auber.entities.GameEntityTest" time="0.0"/>
  <testcase name="getCenterX" classname="com.threecubed.auber.entities.GameEntityTest" time="0.032"/>
  <testcase name="getCenterY" classname="com.threecubed.auber.entities.GameEntityTest" time="0.031"/>
  <system-out><![CDATA[]]></system-out>
  <system-err><![CDATA[]]></system-err>
</testsuite>
