<?xml version="1.0" encoding="UTF-8"?>
<testsuite name="com.threecubed.auber.entities.GameEntityTest" tests="4" skipped="0" failures="0" errors="0" timestamp="2021-01-31T13:05:35" hostname="LAPTOP-2C2PBR86" time="0.216">
  <properties/>
  <testcase name="getCenter" classname="com.threecubed.auber.entities.GameEntityTest" time="0.069"/>
  <testcase name="getNearbyObjects" classname="com.threecubed.auber.entities.GameEntityTest" time="0.038"/>
  <testcase name="getCenterX" classname="com.threecubed.auber.entities.GameEntityTest" time="0.03"/>
  <testcase name="getCenterY" classname="com.threecubed.auber.entities.GameEntityTest" time="0.031"/>
  <system-out><![CDATA[]]></system-out>
  <system-err><![CDATA[]]></system-err>
</testsuite>
