<?xml version="1.0" encoding="UTF-8"?>
<testsuite name="de.tomgrill.gdxtesting.GameEntityTest" tests="5" skipped="0" failures="1" errors="0" timestamp="2021-01-29T11:22:07" hostname="LAPTOP-2C2PBR86" time="0.135">
  <properties/>
  <testcase name="getCenter" classname="de.tomgrill.gdxtesting.GameEntityTest" time="0.002"/>
  <testcase name="entityOnScreen" classname="de.tomgrill.gdxtesting.GameEntityTest" time="0.0"/>
  <testcase name="getNearbyObjects" classname="de.tomgrill.gdxtesting.GameEntityTest" time="0.068">
    <failure message="java.lang.NullPointerException" type="java.lang.NullPointerException">java.lang.NullPointerException
	at com.badlogic.gdx.graphics.glutils.ShaderProgram.loadShader(ShaderProgram.java:205)
	at com.badlogic.gdx.graphics.glutils.ShaderProgram.compileShaders(ShaderProgram.java:184)
	at com.badlogic.gdx.graphics.glutils.ShaderProgram.&lt;init&gt;(ShaderProgram.java:167)
	at com.badlogic.gdx.graphics.glutils.ImmediateModeRenderer20.createDefaultShader(ImmediateModeRenderer20.java:240)
	at com.badlogic.gdx.graphics.glutils.ImmediateModeRenderer20.&lt;init&gt;(ImmediateModeRenderer20.java:54)
	at com.badlogic.gdx.graphics.glutils.ShapeRenderer.&lt;init&gt;(ShapeRenderer.java:116)
	at com.badlogic.gdx.graphics.glutils.ShapeRenderer.&lt;init&gt;(ShapeRenderer.java:111)
	at com.badlogic.gdx.graphics.glutils.ShapeRenderer.&lt;init&gt;(ShapeRenderer.java:107)
	at com.threecubed.auber.entities.Player.&lt;init&gt;(Player.java:43)
	at de.tomgrill.gdxtesting.GameEntityTest.getNearbyObjects(GameEntityTest.java:37)
	at sun.reflect.NativeMethodAccessorImpl.invoke0(Native Method)
	at sun.reflect.NativeMethodAccessorImpl.invoke(NativeMethodAccessorImpl.java:62)
	at sun.reflect.DelegatingMethodAccessorImpl.invoke(DelegatingMethodAccessorImpl.java:43)
	at java.lang.reflect.Method.invoke(Method.java:498)
	at org.junit.runners.model.FrameworkMethod$1.runReflectiveCall(FrameworkMethod.java:59)
	at org.junit.internal.runners.model.ReflectiveCallable.run(ReflectiveCallable.java:12)
	at org.junit.runners.model.FrameworkMethod.invokeExplosively(FrameworkMethod.java:56)
	at org.junit.internal.runners.statements.InvokeMethod.evaluate(InvokeMethod.java:17)
	at org.junit.runners.ParentRunner$3.evaluate(ParentRunner.java:306)
	at org.junit.runners.BlockJUnit4ClassRunner$1.evaluate(BlockJUnit4ClassRunner.java:100)
	at org.junit.runners.ParentRunner.runLeaf(ParentRunner.java:366)
	at org.junit.runners.BlockJUnit4ClassRunner.runChild(BlockJUnit4ClassRunner.java:103)
	at de.tomgrill.gdxtesting.GdxTestRunner.render(GdxTestRunner.java:59)
	at com.badlogic.gdx.backends.headless.HeadlessApplication.mainLoop(HeadlessApplication.java:129)
	at com.badlogic.gdx.backends.headless.HeadlessApplication$1.run(HeadlessApplication.java:96)
</failure>
  </testcase>
  <testcase name="getCenterX" classname="de.tomgrill.gdxtesting.GameEntityTest" time="0.001"/>
  <testcase name="getCenterY" classname="de.tomgrill.gdxtesting.GameEntityTest" time="0.0"/>
  <system-out><![CDATA[]]></system-out>
  <system-err><![CDATA[]]></system-err>
</testsuite>
