<?xml version="1.0" encoding="UTF-8"?>
<testsuite name="com.threecubed.auber.entities.GameEntityTest" tests="5" skipped="0" failures="0" errors="0" timestamp="2021-01-31T15:57:32" hostname="BitCruncher" time="0.198">
  <properties/>
  <testcase name="getCenter" classname="com.threecubed.auber.entities.GameEntityTest" time="0.055"/>
  <testcase name="entityOnScreen" classname="com.threecubed.auber.entities.GameEntityTest" time="0.027"/>
  <testcase name="getNearbyObjects" classname="com.threecubed.auber.entities.GameEntityTest" time="0.0"/>
  <testcase name="getCenterX" classname="com.threecubed.auber.entities.GameEntityTest" time="0.027"/>
  <testcase name="getCenterY" classname="com.threecubed.auber.entities.GameEntityTest" time="0.026"/>
  <system-out><![CDATA[]]></system-out>
  <system-err><![CDATA[]]></system-err>
</testsuite>
